[14:18:19] [main/INFO] [GradleStart]: username: bletch1971@hotmail.com
[14:18:19] [main/INFO] [GradleStart]: Extra: []
[14:18:19] [main/INFO] [GradleStart]: Password found, attempting login
[14:18:22] [main/INFO] [GradleStart]: Login Succesful!
[14:18:22] [main/INFO] [GradleStart]: Found and added coremod: com.bioxx.tfc.TFCASMLoadingPlugin
[14:18:22] [main/INFO] [GradleStart]: Found and added coremod: codechicken.core.launch.CodeChickenCorePlugin
[14:18:22] [main/INFO] [GradleStart]: Found and added coremod: codechicken.nei.asm.NEICorePlugin
[14:18:23] [main/INFO] [GradleStart]: Found and added coremod: codechicken.nei.asm.NEICorePlugin
[14:18:23] [main/INFO] [GradleStart]: Running with arguments: [--userProperties, {}, --username, Bletch1971, --accessToken, {REDACTED}, --assetIndex, 1.7.10, --uuid, a4366e9af0b147f296b61b5238dac497, --userType, mojang, --assetsDir, E:/Users/PocketBrett/.gradle/caches/minecraft/assets, --version, 1.7.10, --tweakClass, cpw.mods.fml.common.launcher.FMLTweaker, --tweakClass, net.minecraftforge.gradle.tweakers.CoremodTweaker]
[14:18:23] [main/INFO] [LaunchWrapper]: Loading tweak class name cpw.mods.fml.common.launcher.FMLTweaker
[14:18:23] [main/INFO] [LaunchWrapper]: Using primary tweak class name cpw.mods.fml.common.launcher.FMLTweaker
[14:18:23] [main/INFO] [LaunchWrapper]: Loading tweak class name net.minecraftforge.gradle.tweakers.CoremodTweaker
[14:18:23] [main/INFO] [LaunchWrapper]: Calling tweak class cpw.mods.fml.common.launcher.FMLTweaker
[14:22:22] [main/INFO] [GradleStart]: username: bletch1971@hotmail.com
[14:22:22] [main/INFO] [GradleStart]: Extra: []
[14:22:22] [main/INFO] [GradleStart]: Password found, attempting login
[14:22:25] [main/INFO] [GradleStart]: Login Succesful!
[14:22:26] [main/INFO] [GradleStart]: Found and added coremod: com.bioxx.tfc.TFCASMLoadingPlugin
[14:22:26] [main/INFO] [GradleStart]: Found and added coremod: codechicken.core.launch.CodeChickenCorePlugin
[14:22:26] [main/INFO] [GradleStart]: Found and added coremod: codechicken.nei.asm.NEICorePlugin
[14:22:26] [main/INFO] [GradleStart]: Running with arguments: [--userProperties, {}, --username, Bletch1971, --accessToken, {REDACTED}, --assetIndex, 1.7.10, --uuid, a4366e9af0b147f296b61b5238dac497, --userType, mojang, --assetsDir, E:/Users/PocketBrett/.gradle/caches/minecraft/assets, --version, 1.7.10, --tweakClass, cpw.mods.fml.common.launcher.FMLTweaker, --tweakClass, net.minecraftforge.gradle.tweakers.CoremodTweaker]
[14:22:26] [main/INFO] [LaunchWrapper]: Loading tweak class name cpw.mods.fml.common.launcher.FMLTweaker
[14:22:26] [main/INFO] [LaunchWrapper]: Using primary tweak class name cpw.mods.fml.common.launcher.FMLTweaker
[14:22:26] [main/INFO] [LaunchWrapper]: Loading tweak class name net.minecraftforge.gradle.tweakers.CoremodTweaker
[14:22:26] [main/INFO] [LaunchWrapper]: Calling tweak class cpw.mods.fml.common.launcher.FMLTweaker
[14:25:49] [main/INFO] [GradleStart]: username: bletch1971@hotmail.com
[14:25:49] [main/INFO] [GradleStart]: Extra: []
[14:25:49] [main/INFO] [GradleStart]: Password found, attempting login
[14:25:53] [main/INFO] [GradleStart]: Login Succesful!
[14:25:53] [main/INFO] [GradleStart]: Found and added coremod: com.bioxx.tfc.TFCASMLoadingPlugin
[14:25:53] [main/INFO] [GradleStart]: Found and added coremod: codechicken.core.launch.CodeChickenCorePlugin
[14:25:53] [main/INFO] [GradleStart]: Found and added coremod: codechicken.nei.asm.NEICorePlugin
[14:25:53] [main/INFO] [GradleStart]: Running with arguments: [--userProperties, {}, --username, Bletch1971, --accessToken, {REDACTED}, --assetIndex, 1.7.10, --uuid, a4366e9af0b147f296b61b5238dac497, --userType, mojang, --assetsDir, E:/Users/PocketBrett/.gradle/caches/minecraft/assets, --version, 1.7.10, --tweakClass, cpw.mods.fml.common.launcher.FMLTweaker, --tweakClass, net.minecraftforge.gradle.tweakers.CoremodTweaker]
[14:25:53] [main/INFO] [LaunchWrapper]: Loading tweak class name cpw.mods.fml.common.launcher.FMLTweaker
[14:25:53] [main/INFO] [LaunchWrapper]: Using primary tweak class name cpw.mods.fml.common.launcher.FMLTweaker
[14:25:53] [main/INFO] [LaunchWrapper]: Loading tweak class name net.minecraftforge.gradle.tweakers.CoremodTweaker
[14:25:53] [main/INFO] [LaunchWrapper]: Calling tweak class cpw.mods.fml.common.launcher.FMLTweaker
[14:29:06] [main/INFO] [GradleStart]: username: bletch1971@hotmail.com
[14:29:06] [main/INFO] [GradleStart]: Extra: []
[14:29:06] [main/INFO] [GradleStart]: Password found, attempting login
[14:29:10] [main/INFO] [GradleStart]: Login Succesful!
[14:29:10] [main/INFO] [GradleStart]: Found and added coremod: com.bioxx.tfc.TFCASMLoadingPlugin
[14:29:10] [main/INFO] [GradleStart]: Found and added coremod: codechicken.core.launch.CodeChickenCorePlugin
[14:29:10] [main/INFO] [GradleStart]: Found and added coremod: codechicken.nei.asm.NEICorePlugin
[14:29:10] [main/INFO] [GradleStart]: Running with arguments: [--userProperties, {}, --username, Bletch1971, --accessToken, {REDACTED}, --assetIndex, 1.7.10, --uuid, a4366e9af0b147f296b61b5238dac497, --userType, mojang, --assetsDir, E:/Users/PocketBrett/.gradle/caches/minecraft/assets, --version, 1.7.10, --tweakClass, cpw.mods.fml.common.launcher.FMLTweaker, --tweakClass, net.minecraftforge.gradle.tweakers.CoremodTweaker]
[14:29:10] [main/INFO] [LaunchWrapper]: Loading tweak class name cpw.mods.fml.common.launcher.FMLTweaker
[14:29:10] [main/INFO] [LaunchWrapper]: Using primary tweak class name cpw.mods.fml.common.launcher.FMLTweaker
[14:29:10] [main/INFO] [LaunchWrapper]: Loading tweak class name net.minecraftforge.gradle.tweakers.CoremodTweaker
[14:29:10] [main/INFO] [LaunchWrapper]: Calling tweak class cpw.mods.fml.common.launcher.FMLTweaker
[14:51:24] [main/INFO] [GradleStart]: username: bletch1971@hotmail.com
[14:51:24] [main/INFO] [GradleStart]: Extra: []
[14:51:24] [main/INFO] [GradleStart]: Password found, attempting login
[14:51:27] [main/INFO] [GradleStart]: Login Succesful!
[14:51:28] [main/INFO] [GradleStart]: Found and added coremod: com.bioxx.tfc.TFCASMLoadingPlugin
[14:51:28] [main/INFO] [GradleStart]: Found and added coremod: codechicken.core.launch.CodeChickenCorePlugin
[14:51:28] [main/INFO] [GradleStart]: Found and added coremod: codechicken.nei.asm.NEICorePlugin
[14:51:28] [main/INFO] [GradleStart]: Running with arguments: [--userProperties, {}, --username, Bletch1971, --accessToken, {REDACTED}, --assetIndex, 1.7.10, --uuid, a4366e9af0b147f296b61b5238dac497, --userType, mojang, --assetsDir, E:/Users/PocketBrett/.gradle/caches/minecraft/assets, --version, 1.7.10, --tweakClass, cpw.mods.fml.common.launcher.FMLTweaker, --tweakClass, net.minecraftforge.gradle.tweakers.CoremodTweaker]
[14:51:28] [main/INFO] [LaunchWrapper]: Loading tweak class name cpw.mods.fml.common.launcher.FMLTweaker
[14:51:28] [main/INFO] [LaunchWrapper]: Using primary tweak class name cpw.mods.fml.common.launcher.FMLTweaker
[14:51:28] [main/INFO] [LaunchWrapper]: Loading tweak class name net.minecraftforge.gradle.tweakers.CoremodTweaker
[14:51:28] [main/INFO] [LaunchWrapper]: Calling tweak class cpw.mods.fml.common.launcher.FMLTweaker
